<?xml version="1.0" encoding="UTF-8"?>
<!-- Generated by org.testng.reporters.JUnitReportReporter -->
<testsuite hostname="MPanduRangaVit" failures="0" tests="1" name="AutomationQA.AutomationDemo.Util.SauceDemo" time="2.451" errors="0" timestamp="2025-03-15T17:18:56 IST" skipped="0">
  <testcase classname="AutomationQA.AutomationDemo.Util.SauceDemo" name="flow" time="2.451"/>
</testsuite> <!-- AutomationQA.AutomationDemo.Util.SauceDemo -->
